[debug] [2024-12-12T01:08:54.661Z] ----------------------------------------------------------------------
[debug] [2024-12-12T01:08:54.663Z] Command:       C:\Program Files\nodejs\node.exe C:\Users\Bingus\AppData\Roaming\npm\node_modules\firebase-tools\lib\bin\firebase.js
[debug] [2024-12-12T01:08:54.663Z] CLI Version:   13.27.0
[debug] [2024-12-12T01:08:54.663Z] Platform:      win32
[debug] [2024-12-12T01:08:54.663Z] Node Version:  v22.11.0
[debug] [2024-12-12T01:08:54.663Z] Time:          Thu Dec 12 2024 09:08:54 GMT+0800 (Philippine Standard Time)
[debug] [2024-12-12T01:08:54.663Z] ----------------------------------------------------------------------
[debug] 
[debug] [2024-12-12T01:08:54.666Z] >>> [apiv2][query] GET https://firebase-public.firebaseio.com/cli.json [none]
[debug] [2024-12-12T01:08:54.695Z] TypeError: Cannot read properties of undefined (reading '0')
    at Command.<anonymous> (C:\Users\Bingus\AppData\Roaming\npm\node_modules\firebase-tools\lib\index.js:58:21)
    at Command.listener [as _actionHandler] (C:\Users\Bingus\AppData\Roaming\npm\node_modules\firebase-tools\node_modules\commander\index.js:413:31)
    at Command._parseCommand (C:\Users\Bingus\AppData\Roaming\npm\node_modules\firebase-tools\node_modules\commander\index.js:914:14)
    at Command.parse (C:\Users\Bingus\AppData\Roaming\npm\node_modules\firebase-tools\node_modules\commander\index.js:717:10)
    at Object.<anonymous> (C:\Users\Bingus\AppData\Roaming\npm\node_modules\firebase-tools\lib\bin\firebase.js:129:22)
    at Module._compile (node:internal/modules/cjs/loader:1546:14)
    at Object..js (node:internal/modules/cjs/loader:1689:10)
    at Module.load (node:internal/modules/cjs/loader:1318:32)
    at Function._load (node:internal/modules/cjs/loader:1128:12)
    at TracingChannel.traceSync (node:diagnostics_channel:315:14)
[error] 
[error] Error: An unexpected error has occurred.
[debug] [2024-12-12T01:09:25.865Z] ----------------------------------------------------------------------
[debug] [2024-12-12T01:09:25.867Z] Command:       C:\Program Files\nodejs\node.exe C:\Users\Bingus\AppData\Roaming\npm\node_modules\firebase-tools\lib\bin\firebase.js init hosting
[debug] [2024-12-12T01:09:25.867Z] CLI Version:   13.27.0
[debug] [2024-12-12T01:09:25.868Z] Platform:      win32
[debug] [2024-12-12T01:09:25.868Z] Node Version:  v22.11.0
[debug] [2024-12-12T01:09:25.868Z] Time:          Thu Dec 12 2024 09:09:25 GMT+0800 (Philippine Standard Time)
[debug] [2024-12-12T01:09:25.868Z] ----------------------------------------------------------------------
[debug] 
[debug] [2024-12-12T01:09:25.870Z] >>> [apiv2][query] GET https://firebase-public.firebaseio.com/cli.json [none]
[debug] [2024-12-12T01:09:26.027Z] > command requires scopes: ["email","openid","https://www.googleapis.com/auth/cloudplatformprojects.readonly","https://www.googleapis.com/auth/firebase","https://www.googleapis.com/auth/cloud-platform"]
[debug] [2024-12-12T01:09:26.028Z] > authorizing via signed-in user (martialark123@gmail.com)
[info] 
     ######## #### ########  ######## ########     ###     ######  ########
     ##        ##  ##     ## ##       ##     ##  ##   ##  ##       ##
     ######    ##  ########  ######   ########  #########  ######  ######
     ##        ##  ##    ##  ##       ##     ## ##     ##       ## ##
     ##       #### ##     ## ######## ########  ##     ##  ######  ########

You're about to initialize a Firebase project in this directory:

  C:\Users\Bingus\Node Projects\React Native\LISTO-FINALBOSS

Before we get started, keep in mind:

  * You are initializing within an existing Firebase project directory

[debug] [2024-12-12T01:09:26.472Z] <<< [apiv2][status] GET https://firebase-public.firebaseio.com/cli.json 200
[debug] [2024-12-12T01:09:26.472Z] <<< [apiv2][body] GET https://firebase-public.firebaseio.com/cli.json {"cloudBuildErrorAfter":1594252800000,"cloudBuildWarnAfter":1590019200000,"defaultNode10After":1594252800000,"minVersion":"3.0.5","node8DeploysDisabledAfter":1613390400000,"node8RuntimeDisabledAfter":1615809600000,"node8WarnAfter":1600128000000}
